\BOOKMARK [0][-]{chapter*.1}{\376\377\000R\000\351\000s\000u\000m\000\351}{}% 1
\BOOKMARK [0][-]{chapter*.2}{\376\377\000R\000e\000m\000e\000r\000c\000i\000e\000m\000e\000n\000t\000s}{}% 2
\BOOKMARK [0][-]{chapter*.4}{\376\377\000L\000i\000s\000t\000e\000\040\000d\000e\000s\000\040\000f\000i\000g\000u\000r\000e\000s}{}% 3
\BOOKMARK [0][-]{chapter*.5}{\376\377\000I\000n\000t\000r\000o\000d\000u\000c\000t\000i\000o\000n\000\040\000G\000\351\000n\000\351\000r\000a\000l\000e}{}% 4
\BOOKMARK [0][-]{chapter.1}{\376\377\000C\000o\000n\000t\000e\000x\000t\000e\000,\000\040\000o\000b\000j\000e\000c\000t\000i\000f\000s\000\040\000e\000t\000\040\000p\000\351\000r\000i\000m\000\350\000t\000r\000e\000\040\000d\000u\000\040\000p\000r\000o\000j\000e\000t}{}% 5
\BOOKMARK [1][-]{section.1.1}{\376\377\000C\000o\000n\000t\000e\000x\000t\000e\000\040\000m\000\351\000t\000i\000e\000r}{chapter.1}% 6
\BOOKMARK [1][-]{section.1.2}{\376\377\000O\000b\000j\000e\000c\000t\000i\000f\000s\000\040\000g\000\351\000n\000\351\000r\000a\000u\000x}{chapter.1}% 7
\BOOKMARK [1][-]{section.1.3}{\376\377\000P\000\351\000r\000i\000m\000\350\000t\000r\000e\000\040\000f\000o\000n\000c\000t\000i\000o\000n\000n\000e\000l}{chapter.1}% 8
\BOOKMARK [0][-]{chapter.2}{\376\377\000A\000r\000c\000h\000i\000t\000e\000c\000t\000u\000r\000e\000\040\000g\000l\000o\000b\000a\000l\000e\000\040\000d\000u\000\040\000s\000y\000s\000t\000\350\000m\000e\000\040\000A\000n\000a\000l\000i\000f\000y}{}% 9
\BOOKMARK [1][-]{section.2.1}{\376\377\000V\000u\000e\000\040\000d\000'\000e\000n\000s\000e\000m\000b\000l\000e\000\040\000f\000r\000o\000n\000t\000/\000b\000a\000c\000k}{chapter.2}% 10
\BOOKMARK [1][-]{section.2.2}{\376\377\000D\000\351\000c\000o\000u\000p\000a\000g\000e\000\040\000e\000n\000\040\000c\000o\000u\000c\000h\000e\000s}{chapter.2}% 11
\BOOKMARK [1][-]{section.2.3}{\376\377\000G\000e\000s\000t\000i\000o\000n\000\040\000d\000e\000s\000\040\000r\000\364\000l\000e\000s\000\040\000e\000t\000\040\000e\000n\000c\000a\000p\000s\000u\000l\000a\000t\000i\000o\000n\000\040\000d\000e\000s\000\040\000d\000o\000n\000n\000\351\000e\000s}{chapter.2}% 12
\BOOKMARK [0][-]{chapter.3}{\376\377\000C\000o\000n\000c\000e\000p\000t\000i\000o\000n\000\040\000d\000\351\000t\000a\000i\000l\000l\000\351\000e\000\040\000d\000u\000\040\000b\000a\000c\000k\000e\000n\000d\000\040\000S\000p\000r\000i\000n\000g\000\040\000B\000o\000o\000t}{}% 13
\BOOKMARK [1][-]{section.3.1}{\376\377\000C\000h\000o\000i\000x\000\040\000t\000e\000c\000h\000n\000o\000l\000o\000g\000i\000q\000u\000e\000s}{chapter.3}% 14
\BOOKMARK [1][-]{section.3.2}{\376\377\000O\000r\000g\000a\000n\000i\000s\000a\000t\000i\000o\000n\000\040\000d\000u\000\040\000p\000r\000o\000j\000e\000t\000\040\000M\000a\000v\000e\000n}{chapter.3}% 15
\BOOKMARK [1][-]{section.3.3}{\376\377\000A\000r\000c\000h\000i\000t\000e\000c\000t\000u\000r\000e\000\040\000e\000n\000\040\000c\000o\000u\000c\000h\000e\000s}{chapter.3}% 16
\BOOKMARK [2][-]{subsection.3.3.1}{\376\377\000P\000a\000c\000k\000a\000g\000e\000\040\000C\000o\000n\000t\000r\000o\000l\000l\000e\000r}{section.3.3}% 17
\BOOKMARK [2][-]{subsection.3.3.2}{\376\377\000P\000a\000c\000k\000a\000g\000e\000\040\000S\000e\000r\000v\000i\000c\000e}{section.3.3}% 18
\BOOKMARK [2][-]{subsection.3.3.3}{\376\377\000P\000a\000c\000k\000a\000g\000e\000\040\000R\000e\000p\000o\000s\000i\000t\000o\000r\000y}{section.3.3}% 19
\BOOKMARK [2][-]{subsection.3.3.4}{\376\377\000P\000a\000c\000k\000a\000g\000e\000\040\000E\000n\000t\000i\000t\000y}{section.3.3}% 20
\BOOKMARK [2][-]{subsection.3.3.5}{\376\377\000D\000T\000O\000\040\000e\000t\000\040\000m\000a\000p\000p\000e\000r\000s}{section.3.3}% 21
\BOOKMARK [1][-]{section.3.4}{\376\377\000M\000o\000d\000\350\000l\000e\000\040\000d\000e\000\040\000d\000o\000n\000n\000\351\000e\000s\000\040\000:\000\040\000v\000u\000e\000\040\000d\000'\000e\000n\000s\000e\000m\000b\000l\000e}{chapter.3}% 22
\BOOKMARK [1][-]{section.3.5}{\376\377\000C\000o\000n\000f\000i\000g\000u\000r\000a\000t\000i\000o\000n\000\040\000d\000e\000\040\000l\000'\000a\000p\000p\000l\000i\000c\000a\000t\000i\000o\000n}{chapter.3}% 23
\BOOKMARK [1][-]{section.3.6}{\376\377\000G\000e\000s\000t\000i\000o\000n\000\040\000d\000e\000\040\000l\000a\000\040\000s\000\351\000c\000u\000r\000i\000t\000\351\000\040\000\050\000a\000p\000e\000r\000\347\000u\000\051}{chapter.3}% 24
\BOOKMARK [1][-]{section.3.7}{\376\377\000I\000n\000t\000\351\000g\000r\000a\000t\000i\000o\000n\000\040\000d\000e\000\040\000l\000'\000a\000s\000s\000i\000s\000t\000a\000n\000t\000\040\000L\000L\000M\000\040\000c\000\364\000t\000\351\000\040\000b\000a\000c\000k\000e\000n\000d}{chapter.3}% 25
\BOOKMARK [1][-]{section.3.8}{\376\377\000E\000x\000e\000m\000p\000l\000e\000\040\000d\000e\000\040\000f\000l\000u\000x\000\040\000a\000p\000p\000l\000i\000c\000a\000t\000i\000f\000\040\000c\000o\000m\000p\000l\000e\000t}{chapter.3}% 26
\BOOKMARK [0][-]{chapter.4}{\376\377\000P\000r\000\351\000p\000a\000r\000a\000t\000i\000o\000n\000\040\000e\000t\000\040\000T\000r\000a\000n\000s\000f\000o\000r\000m\000a\000t\000i\000o\000n\000\040\000d\000e\000s\000\040\000D\000o\000n\000n\000\351\000e\000s}{}% 27
\BOOKMARK [1][-]{section.4.1}{\376\377\000I\000n\000t\000r\000o\000d\000u\000c\000t\000i\000o\000n}{chapter.4}% 28
\BOOKMARK [1][-]{section.4.2}{\376\377\000A\000r\000c\000h\000i\000t\000e\000c\000t\000u\000r\000e\000\040\000d\000e\000\040\000T\000r\000a\000n\000s\000f\000o\000r\000m\000a\000t\000i\000o\000n}{chapter.4}% 29
\BOOKMARK [2][-]{subsection.4.2.1}{\376\377\000O\000u\000t\000i\000l\000s\000\040\000e\000t\000\040\000T\000e\000c\000h\000n\000o\000l\000o\000g\000i\000e\000s}{section.4.2}% 30
\BOOKMARK [2][-]{subsection.4.2.2}{\376\377\000C\000o\000n\000n\000e\000x\000i\000o\000n\000\040\000\340\000\040\000l\000a\000\040\000B\000a\000s\000e\000\040\000d\000e\000\040\000D\000o\000n\000n\000\351\000e\000s}{section.4.2}% 31
\BOOKMARK [1][-]{section.4.3}{\376\377\000N\000o\000r\000m\000a\000l\000i\000s\000a\000t\000i\000o\000n\000\040\000e\000t\000\040\000C\000r\000\351\000a\000t\000i\000o\000n\000\040\000d\000e\000s\000\040\000I\000d\000e\000n\000t\000i\000f\000i\000a\000n\000t\000s}{chapter.4}% 32
\BOOKMARK [2][-]{subsection.4.3.1}{\376\377\000P\000r\000i\000n\000c\000i\000p\000e\000\040\000d\000e\000\040\000N\000o\000r\000m\000a\000l\000i\000s\000a\000t\000i\000o\000n}{section.4.3}% 33
\BOOKMARK [2][-]{subsection.4.3.2}{\376\377\000C\000r\000\351\000a\000t\000i\000o\000n\000\040\000d\000e\000s\000\040\000I\000d\000e\000n\000t\000i\000f\000i\000a\000n\000t\000s\000\040\000G\000\351\000o\000g\000r\000a\000p\000h\000i\000q\000u\000e\000s}{section.4.3}% 34
\BOOKMARK [2][-]{subsection.4.3.3}{\376\377\000C\000r\000\351\000a\000t\000i\000o\000n\000\040\000d\000e\000s\000\040\000I\000d\000e\000n\000t\000i\000f\000i\000a\000n\000t\000s\000\040\000P\000r\000o\000d\000u\000i\000t\000s}{section.4.3}% 35
\BOOKMARK [2][-]{subsection.4.3.4}{\376\377\000M\000a\000g\000a\000s\000i\000n\000s\000\040\000\050\000S\000t\000o\000r\000e\000s\000\051}{section.4.3}% 36
\BOOKMARK [1][-]{section.4.4}{\376\377\000G\000\351\000n\000\351\000r\000a\000t\000i\000o\000n\000\040\000d\000e\000s\000\040\000U\000t\000i\000l\000i\000s\000a\000t\000e\000u\000r\000s\000\040\000e\000t\000\040\000R\000\364\000l\000e\000s}{chapter.4}% 37
\BOOKMARK [2][-]{subsection.4.4.1}{\376\377\000S\000t\000r\000a\000t\000\351\000g\000i\000e\000\040\000d\000e\000\040\000G\000\351\000n\000\351\000r\000a\000t\000i\000o\000n}{section.4.4}% 38
\BOOKMARK [2][-]{subsection.4.4.2}{\376\377\000G\000\351\000n\000\351\000r\000a\000t\000i\000o\000n\000\040\000d\000e\000\040\000l\000a\000\040\000B\000a\000s\000e\000\040\000U\000t\000i\000l\000i\000s\000a\000t\000e\000u\000r\000s}{section.4.4}% 39
\BOOKMARK [2][-]{subsection.4.4.3}{\376\377\000C\000r\000\351\000a\000t\000i\000o\000n\000\040\000d\000e\000s\000\040\000C\000a\000i\000s\000s\000i\000e\000r\000s}{section.4.4}% 40
\BOOKMARK [2][-]{subsection.4.4.4}{\376\377\000C\000r\000\351\000a\000t\000i\000o\000n\000\040\000d\000e\000s\000\040\000A\000d\000m\000i\000n\000i\000s\000t\000r\000a\000t\000e\000u\000r\000s\000\040\000d\000e\000\040\000M\000a\000g\000a\000s\000i\000n}{section.4.4}% 41
\BOOKMARK [2][-]{subsection.4.4.5}{\376\377\000C\000r\000\351\000a\000t\000i\000o\000n\000\040\000d\000e\000s\000\040\000I\000n\000v\000e\000s\000t\000i\000s\000s\000e\000u\000r\000s}{section.4.4}% 42
\BOOKMARK [2][-]{subsection.4.4.6}{\376\377\000A\000d\000m\000i\000n\000i\000s\000t\000r\000a\000t\000e\000u\000r\000\040\000G\000l\000o\000b\000a\000l}{section.4.4}% 43
\BOOKMARK [1][-]{section.4.5}{\376\377\000C\000r\000\351\000a\000t\000i\000o\000n\000\040\000d\000e\000s\000\040\000D\000o\000n\000n\000\351\000e\000s\000\040\000T\000r\000a\000n\000s\000a\000c\000t\000i\000o\000n\000n\000e\000l\000l\000e\000s}{chapter.4}% 44
\BOOKMARK [2][-]{subsection.4.5.1}{\376\377\000C\000o\000m\000m\000a\000n\000d\000e\000s\000\040\000\050\000O\000r\000d\000e\000r\000s\000\051}{section.4.5}% 45
\BOOKMARK [2][-]{subsection.4.5.2}{\376\377\000A\000r\000t\000i\000c\000l\000e\000s\000\040\000d\000e\000\040\000C\000o\000m\000m\000a\000n\000d\000e\000\040\000\050\000O\000r\000d\000e\000r\000\040\000I\000t\000e\000m\000s\000\051}{section.4.5}% 46
\BOOKMARK [2][-]{subsection.4.5.3}{\376\377\000I\000n\000v\000e\000n\000t\000a\000i\000r\000e\000\040\000\050\000I\000n\000v\000e\000n\000t\000o\000r\000y\000\051}{section.4.5}% 47
\BOOKMARK [1][-]{section.4.6}{\376\377\000C\000r\000\351\000a\000t\000i\000o\000n\000\040\000d\000u\000\040\000S\000y\000s\000t\000\350\000m\000e\000\040\000d\000e\000\040\000B\000i\000d\000d\000i\000n\000g}{chapter.4}% 48
\BOOKMARK [2][-]{subsection.4.6.1}{\376\377\000H\000i\000\351\000r\000a\000r\000c\000h\000i\000e\000\040\000d\000u\000\040\000B\000i\000d\000d\000i\000n\000g}{section.4.6}% 49
\BOOKMARK [2][-]{subsection.4.6.2}{\376\377\000R\000a\000n\000g\000s\000\040\000\050\000R\000a\000n\000k\000s\000\051}{section.4.6}% 50
\BOOKMARK [2][-]{subsection.4.6.3}{\376\377\000F\000a\000c\000e\000s}{section.4.6}% 51
\BOOKMARK [2][-]{subsection.4.6.4}{\376\377\000S\000e\000c\000t\000i\000o\000n\000s}{section.4.6}% 52
\BOOKMARK [1][-]{section.4.7}{\376\377\000I\000n\000j\000e\000c\000t\000i\000o\000n\000\040\000d\000a\000n\000s\000\040\000P\000o\000s\000t\000g\000r\000e\000S\000Q\000L}{chapter.4}% 53
\BOOKMARK [2][-]{subsection.4.7.1}{\376\377\000M\000\351\000t\000h\000o\000d\000e\000\040\000d\000'\000I\000n\000j\000e\000c\000t\000i\000o\000n}{section.4.7}% 54
\BOOKMARK [2][-]{subsection.4.7.2}{\376\377\000O\000r\000d\000r\000e\000\040\000d\000'\000I\000n\000j\000e\000c\000t\000i\000o\000n}{section.4.7}% 55
\BOOKMARK [2][-]{subsection.4.7.3}{\376\377\000V\000o\000l\000u\000m\000\351\000t\000r\000i\000e\000\040\000F\000i\000n\000a\000l\000e}{section.4.7}% 56
\BOOKMARK [1][-]{section.4.8}{\376\377\000V\000a\000l\000i\000d\000a\000t\000i\000o\000n\000\040\000e\000t\000\040\000V\000\351\000r\000i\000f\000i\000c\000a\000t\000i\000o\000n\000s}{chapter.4}% 57
\BOOKMARK [2][-]{subsection.4.8.1}{\376\377\000C\000o\000n\000t\000r\000\364\000l\000e\000s\000\040\000d\000e\000\040\000C\000o\000h\000\351\000r\000e\000n\000c\000e}{section.4.8}% 58
\BOOKMARK [2][-]{subsection.4.8.2}{\376\377\000E\000x\000e\000m\000p\000l\000e\000s\000\040\000d\000e\000\040\000R\000e\000q\000u\000\352\000t\000e\000s\000\040\000d\000e\000\040\000V\000a\000l\000i\000d\000a\000t\000i\000o\000n}{section.4.8}% 59
\BOOKMARK [1][-]{section.4.9}{\376\377\000O\000p\000t\000i\000m\000i\000s\000a\000t\000i\000o\000n\000s\000\040\000e\000t\000\040\000P\000e\000r\000f\000o\000r\000m\000a\000n\000c\000e\000s}{chapter.4}% 60
\BOOKMARK [2][-]{subsection.4.9.1}{\376\377\000I\000n\000d\000e\000x\000a\000t\000i\000o\000n}{section.4.9}% 61
\BOOKMARK [2][-]{subsection.4.9.2}{\376\377\000T\000a\000i\000l\000l\000e\000\040\000d\000e\000\040\000l\000a\000\040\000B\000a\000s\000e\000\040\000d\000e\000\040\000D\000o\000n\000n\000\351\000e\000s}{section.4.9}% 62
\BOOKMARK [1][-]{section.4.10}{\376\377\000C\000o\000n\000c\000l\000u\000s\000i\000o\000n}{chapter.4}% 63
\BOOKMARK [0][-]{chapter.5}{\376\377\000C\000o\000n\000c\000e\000p\000t\000i\000o\000n\000\040\000d\000\351\000t\000a\000i\000l\000l\000\351\000e\000\040\000d\000u\000\040\000f\000r\000o\000n\000t\000e\000n\000d\000\040\000R\000e\000a\000c\000t\000/\000T\000y\000p\000e\000S\000c\000r\000i\000p\000t}{}% 64
\BOOKMARK [1][-]{section.5.1}{\376\377\000S\000t\000a\000c\000k\000\040\000t\000e\000c\000h\000n\000i\000q\000u\000e\000\040\000e\000t\000\040\000o\000u\000t\000i\000l\000l\000a\000g\000e}{chapter.5}% 65
\BOOKMARK [1][-]{section.5.2}{\376\377\000S\000t\000r\000u\000c\000t\000u\000r\000e\000\040\000d\000u\000\040\000p\000r\000o\000j\000e\000t\000\040\000f\000r\000o\000n\000t\000e\000n\000d}{chapter.5}% 66
\BOOKMARK [1][-]{section.5.3}{\376\377\000R\000o\000u\000t\000i\000n\000g\000\040\000e\000t\000\040\000p\000a\000g\000e\000s\000\040\000p\000r\000i\000n\000c\000i\000p\000a\000l\000e\000s}{chapter.5}% 67
\BOOKMARK [1][-]{section.5.4}{\376\377\000L\000a\000y\000o\000u\000t\000s\000\040\000e\000t\000\040\000n\000a\000v\000i\000g\000a\000t\000i\000o\000n}{chapter.5}% 68
\BOOKMARK [1][-]{section.5.5}{\376\377\000G\000e\000s\000t\000i\000o\000n\000\040\000d\000e\000\040\000l\000'\000a\000u\000t\000h\000e\000n\000t\000i\000f\000i\000c\000a\000t\000i\000o\000n\000\040\000c\000\364\000t\000\351\000\040\000f\000r\000o\000n\000t\000e\000n\000d}{chapter.5}% 69
\BOOKMARK [1][-]{section.5.6}{\376\377\000S\000e\000r\000v\000i\000c\000e\000\040\000A\000P\000I\000\040\000c\000e\000n\000t\000r\000a\000l\000i\000s\000\351}{chapter.5}% 70
\BOOKMARK [1][-]{section.5.7}{\376\377\000C\000o\000m\000p\000o\000s\000a\000n\000t\000s\000\040\000m\000\351\000t\000i\000e\000r\000s\000\040\000d\000u\000\040\000d\000a\000s\000h\000b\000o\000a\000r\000d}{chapter.5}% 71
\BOOKMARK [1][-]{section.5.8}{\376\377\000G\000e\000s\000t\000i\000o\000n\000\040\000d\000e\000s\000\040\000f\000i\000l\000t\000r\000e\000s\000\040\000e\000t\000\040\000d\000e\000\040\000l\000'\000\351\000t\000a\000t}{chapter.5}% 72
\BOOKMARK [1][-]{section.5.9}{\376\377\000I\000n\000t\000e\000r\000f\000a\000c\000e\000\040\000d\000u\000\040\000m\000o\000d\000u\000l\000e\000\040\000d\000e\000\040\000b\000i\000d\000d\000i\000n\000g}{chapter.5}% 73
\BOOKMARK [1][-]{section.5.10}{\376\377\000I\000n\000t\000\351\000g\000r\000a\000t\000i\000o\000n\000\040\000d\000e\000\040\000l\000'\000a\000s\000s\000i\000s\000t\000a\000n\000t\000\040\000a\000n\000a\000l\000y\000t\000i\000q\000u\000e\000\040\000L\000L\000M}{chapter.5}% 74
\BOOKMARK [1][-]{section.5.11}{\376\377\000E\000x\000p\000\351\000r\000i\000e\000n\000c\000e\000\040\000u\000t\000i\000l\000i\000s\000a\000t\000e\000u\000r\000\040\000e\000t\000\040\000r\000e\000s\000p\000o\000n\000s\000i\000v\000e\000\040\000d\000e\000s\000i\000g\000n}{chapter.5}% 75
\BOOKMARK [0][-]{chapter.6}{\376\377\000M\000o\000d\000u\000l\000e\000\040\000d\000'\000a\000n\000a\000l\000y\000t\000i\000q\000u\000e\000\040\000e\000t\000\040\000t\000a\000b\000l\000e\000a\000u\000x\000\040\000d\000e\000\040\000b\000o\000r\000d}{}% 76
\BOOKMARK [1][-]{section.6.1}{\376\377\000O\000b\000j\000e\000c\000t\000i\000f\000s\000\040\000d\000u\000\040\000m\000o\000d\000u\000l\000e\000\040\000d\000'\000a\000n\000a\000l\000y\000t\000i\000q\000u\000e}{chapter.6}% 77
\BOOKMARK [1][-]{section.6.2}{\376\377\000S\000e\000r\000v\000i\000c\000e\000s\000\040\000s\000t\000a\000t\000i\000s\000t\000i\000q\000u\000e\000s\000\040\000c\000\364\000t\000\351\000\040\000b\000a\000c\000k\000e\000n\000d}{chapter.6}% 78
\BOOKMARK [2][-]{subsection.6.2.1}{\376\377\000S\000t\000a\000t\000i\000s\000t\000i\000c\000s\000S\000e\000r\000v\000i\000c\000e}{section.6.2}% 79
\BOOKMARK [2][-]{subsection.6.2.2}{\376\377\000E\000n\000h\000a\000n\000c\000e\000d\000S\000t\000a\000t\000i\000s\000t\000i\000c\000s\000S\000e\000r\000v\000i\000c\000e}{section.6.2}% 80
\BOOKMARK [1][-]{section.6.3}{\376\377\000D\000T\000O\000\040\000e\000t\000\040\000s\000t\000r\000u\000c\000t\000u\000r\000e\000\040\000d\000e\000s\000\040\000t\000a\000b\000l\000e\000a\000u\000x\000\040\000d\000e\000\040\000b\000o\000r\000d}{chapter.6}% 81
\BOOKMARK [2][-]{subsection.6.3.1}{\376\377\000D\000a\000s\000h\000b\000o\000a\000r\000d\000S\000t\000a\000t\000s\000D\000T\000O}{section.6.3}% 82
\BOOKMARK [2][-]{subsection.6.3.2}{\376\377\000E\000n\000h\000a\000n\000c\000e\000d\000D\000a\000s\000h\000b\000o\000a\000r\000d\000D\000T\000O}{section.6.3}% 83
\BOOKMARK [1][-]{section.6.4}{\376\377\000E\000n\000d\000p\000o\000i\000n\000t\000s\000\040\000R\000E\000S\000T\000\040\000l\000i\000\351\000s\000\040\000a\000u\000x\000\040\000s\000t\000a\000t\000i\000s\000t\000i\000q\000u\000e\000s}{chapter.6}% 84
\BOOKMARK [1][-]{section.6.5}{\376\377\000R\000e\000n\000d\000u\000\040\000d\000e\000s\000\040\000t\000a\000b\000l\000e\000a\000u\000x\000\040\000d\000e\000\040\000b\000o\000r\000d\000\040\000c\000\364\000t\000\351\000\040\000f\000r\000o\000n\000t\000e\000n\000d}{chapter.6}% 85
\BOOKMARK [2][-]{subsection.6.5.1}{\376\377\000T\000a\000b\000l\000e\000a\000u\000\040\000d\000e\000\040\000b\000o\000r\000d\000\040\000d\000e\000\040\000b\000a\000s\000e}{section.6.5}% 86
\BOOKMARK [2][-]{subsection.6.5.2}{\376\377\000T\000a\000b\000l\000e\000a\000u\000\040\000d\000e\000\040\000b\000o\000r\000d\000\040\000a\000v\000a\000n\000c\000\351}{section.6.5}% 87
\BOOKMARK [1][-]{section.6.6}{\376\377\000G\000e\000s\000t\000i\000o\000n\000\040\000d\000e\000s\000\040\000e\000x\000p\000o\000r\000t\000s}{chapter.6}% 88
\BOOKMARK [1][-]{section.6.7}{\376\377\000R\000\364\000l\000e\000\040\000d\000e\000\040\000l\000'\000a\000n\000a\000l\000y\000t\000i\000q\000u\000e\000\040\000p\000o\000u\000r\000\040\000l\000e\000\040\000m\000o\000d\000u\000l\000e\000\040\000d\000e\000\040\000b\000i\000d\000d\000i\000n\000g}{chapter.6}% 89
\BOOKMARK [1][-]{section.6.8}{\376\377\000L\000i\000e\000n\000\040\000a\000v\000e\000c\000\040\000l\000'\000a\000s\000s\000i\000s\000t\000a\000n\000t\000\040\000a\000n\000a\000l\000y\000t\000i\000q\000u\000e\000\040\000L\000L\000M}{chapter.6}% 90
\BOOKMARK [0][-]{chapter.7}{\376\377\000M\000o\000d\000u\000l\000e\000\040\000d\000e\000\040\000b\000i\000d\000d\000i\000n\000g\000\040\000\050\000e\000n\000c\000h\000\350\000r\000e\000s\000\040\000s\000u\000r\000\040\000s\000e\000c\000t\000i\000o\000n\000s\000\051}{}% 91
\BOOKMARK [1][-]{section.7.1}{\376\377\000M\000o\000d\000\350\000l\000e\000\040\000d\000e\000\040\000d\000o\000m\000a\000i\000n\000e\000\040\000d\000u\000\040\000b\000i\000d\000d\000i\000n\000g}{chapter.7}% 92
\BOOKMARK [1][-]{section.7.2}{\376\377\000L\000o\000g\000i\000q\000u\000e\000\040\000m\000\351\000t\000i\000e\000r\000\040\000d\000e\000s\000\040\000e\000n\000c\000h\000\350\000r\000e\000s}{chapter.7}% 93
\BOOKMARK [1][-]{section.7.3}{\376\377\000E\000n\000d\000p\000o\000i\000n\000t\000s\000\040\000R\000E\000S\000T\000\040\000d\000u\000\040\000m\000o\000d\000u\000l\000e\000\040\000d\000e\000\040\000b\000i\000d\000d\000i\000n\000g}{chapter.7}% 94
\BOOKMARK [1][-]{section.7.4}{\376\377\000I\000n\000t\000e\000r\000f\000a\000c\000e\000\040\000u\000t\000i\000l\000i\000s\000a\000t\000e\000u\000r\000\040\000d\000u\000\040\000b\000i\000d\000d\000i\000n\000g\000\040\000c\000\364\000t\000\351\000\040\000f\000r\000o\000n\000t\000e\000n\000d}{chapter.7}% 95
\BOOKMARK [2][-]{subsection.7.4.1}{\376\377\000N\000a\000v\000i\000g\000a\000t\000i\000o\000n\000\040\000h\000i\000\351\000r\000a\000r\000c\000h\000i\000q\000u\000e}{section.7.4}% 96
\BOOKMARK [2][-]{subsection.7.4.2}{\376\377\000F\000o\000r\000m\000u\000l\000a\000i\000r\000e\000\040\000d\000e\000\040\000p\000l\000a\000c\000e\000m\000e\000n\000t\000\040\000d\000'\000e\000n\000c\000h\000\350\000r\000e}{section.7.4}% 97
\BOOKMARK [2][-]{subsection.7.4.3}{\376\377\000S\000u\000i\000v\000i\000\040\000d\000e\000s\000\040\000b\000i\000d\000s\000\040\000e\000t\000\040\000i\000n\000d\000i\000c\000a\000t\000e\000u\000r\000s}{section.7.4}% 98
\BOOKMARK [1][-]{section.7.5}{\376\377\000L\000i\000e\000n\000\040\000e\000n\000t\000r\000e\000\040\000b\000i\000d\000d\000i\000n\000g\000\040\000e\000t\000\040\000a\000n\000a\000l\000y\000t\000i\000q\000u\000e}{chapter.7}% 99
\BOOKMARK [1][-]{section.7.6}{\376\377\000I\000n\000t\000\351\000g\000r\000a\000t\000i\000o\000n\000\040\000a\000v\000e\000c\000\040\000l\000'\000a\000s\000s\000i\000s\000t\000a\000n\000t\000\040\000a\000n\000a\000l\000y\000t\000i\000q\000u\000e\000\040\000L\000L\000M}{chapter.7}% 100
\BOOKMARK [0][-]{chapter.8}{\376\377\000S\000\351\000c\000u\000r\000i\000t\000\351\000,\000\040\000a\000u\000t\000h\000e\000n\000t\000i\000f\000i\000c\000a\000t\000i\000o\000n\000\040\000e\000t\000\040\000g\000e\000s\000t\000i\000o\000n\000\040\000d\000e\000s\000\040\000r\000\364\000l\000e\000s}{}% 101
\BOOKMARK [1][-]{section.8.1}{\376\377\000O\000b\000j\000e\000c\000t\000i\000f\000s\000\040\000d\000e\000\040\000s\000\351\000c\000u\000r\000i\000t\000\351}{chapter.8}% 102
\BOOKMARK [1][-]{section.8.2}{\376\377\000M\000o\000d\000\350\000l\000e\000\040\000d\000e\000\040\000r\000\364\000l\000e\000s\000\040\000f\000o\000n\000c\000t\000i\000o\000n\000n\000e\000l\000s}{chapter.8}% 103
\BOOKMARK [1][-]{section.8.3}{\376\377\000A\000u\000t\000h\000e\000n\000t\000i\000f\000i\000c\000a\000t\000i\000o\000n\000\040\000p\000a\000r\000\040\000J\000W\000T}{chapter.8}% 104
\BOOKMARK [1][-]{section.8.4}{\376\377\000C\000o\000n\000f\000i\000g\000u\000r\000a\000t\000i\000o\000n\000\040\000S\000p\000r\000i\000n\000g\000\040\000S\000e\000c\000u\000r\000i\000t\000y}{chapter.8}% 105
\BOOKMARK [1][-]{section.8.5}{\376\377\000F\000i\000l\000t\000r\000e\000\040\000J\000W\000T\000\040\000e\000t\000\040\000p\000r\000o\000p\000a\000g\000a\000t\000i\000o\000n\000\040\000d\000u\000\040\000r\000\364\000l\000e}{chapter.8}% 106
\BOOKMARK [1][-]{section.8.6}{\376\377\000S\000t\000r\000a\000t\000\351\000g\000i\000e\000s\000\040\000d\000'\000a\000u\000t\000o\000r\000i\000s\000a\000t\000i\000o\000n\000\040\000p\000a\000r\000\040\000r\000\364\000l\000e}{chapter.8}% 107
\BOOKMARK [2][-]{subsection.8.6.1}{\376\377\000A\000u\000\040\000n\000i\000v\000e\000a\000u\000\040\000d\000e\000s\000\040\000e\000n\000d\000p\000o\000i\000n\000t\000s}{section.8.6}% 108
\BOOKMARK [2][-]{subsection.8.6.2}{\376\377\000A\000u\000\040\000n\000i\000v\000e\000a\000u\000\040\000d\000e\000s\000\040\000s\000e\000r\000v\000i\000c\000e\000s\000\040\000e\000t\000\040\000r\000e\000p\000o\000s\000i\000t\000o\000r\000i\000e\000s}{section.8.6}% 109
\BOOKMARK [1][-]{section.8.7}{\376\377\000S\000\351\000c\000u\000r\000i\000t\000\351\000\040\000c\000\364\000t\000\351\000\040\000f\000r\000o\000n\000t\000e\000n\000d}{chapter.8}% 110
\BOOKMARK [1][-]{section.8.8}{\376\377\000L\000i\000m\000i\000t\000a\000t\000i\000o\000n\000s\000\040\000e\000t\000\040\000p\000i\000s\000t\000e\000s\000\040\000d\000'\000a\000m\000\351\000l\000i\000o\000r\000a\000t\000i\000o\000n}{chapter.8}% 111
\BOOKMARK [0][-]{chapter.9}{\376\377\000A\000s\000s\000i\000s\000t\000a\000n\000t\000\040\000a\000n\000a\000l\000y\000t\000i\000q\000u\000e\000\040\000L\000L\000M\000\040\000\050\000S\000p\000r\000i\000n\000g\000\040\000A\000I\000\040\000+\000\040\000O\000l\000l\000a\000m\000a\000\051}{}% 112
\BOOKMARK [1][-]{section.9.1}{\376\377\000O\000b\000j\000e\000c\000t\000i\000f\000s\000\040\000e\000t\000\040\000p\000r\000i\000n\000c\000i\000p\000e\000s\000\040\000d\000e\000\040\000c\000o\000n\000c\000e\000p\000t\000i\000o\000n}{chapter.9}% 113
\BOOKMARK [1][-]{section.9.2}{\376\377\000P\000r\000e\000m\000i\000\350\000r\000e\000\040\000v\000e\000r\000s\000i\000o\000n\000\040\000:\000\040\000i\000n\000t\000\351\000g\000r\000a\000t\000i\000o\000n\000\040\000d\000i\000r\000e\000c\000t\000e\000\040\000\340\000\040\000G\000o\000o\000g\000l\000e\000\040\000G\000e\000m\000i\000n\000i}{chapter.9}% 114
\BOOKMARK [1][-]{section.9.3}{\376\377\000R\000e\000f\000a\000c\000t\000o\000r\000i\000s\000a\000t\000i\000o\000n\000\040\000v\000e\000r\000s\000\040\000S\000p\000r\000i\000n\000g\000\040\000A\000I}{chapter.9}% 115
\BOOKMARK [1][-]{section.9.4}{\376\377\000P\000a\000s\000s\000a\000g\000e\000\040\000\340\000\040\000u\000n\000\040\000L\000L\000M\000\040\000l\000o\000c\000a\000l\000\040\000v\000i\000a\000\040\000O\000l\000l\000a\000m\000a}{chapter.9}% 116
\BOOKMARK [1][-]{section.9.5}{\376\377\000C\000o\000n\000s\000t\000r\000u\000c\000t\000i\000o\000n\000\040\000d\000u\000\040\000c\000o\000n\000t\000e\000x\000t\000e\000\040\000a\000n\000a\000l\000y\000t\000i\000q\000u\000e}{chapter.9}% 117
\BOOKMARK [1][-]{section.9.6}{\376\377\000G\000e\000s\000t\000i\000o\000n\000\040\000d\000e\000s\000\040\000e\000r\000r\000e\000u\000r\000s\000\040\000e\000t\000\040\000m\000\351\000t\000a\000d\000o\000n\000n\000\351\000e\000s\000\040\000d\000e\000\040\000r\000\351\000p\000o\000n\000s\000e}{chapter.9}% 118
\BOOKMARK [1][-]{section.9.7}{\376\377\000I\000n\000t\000e\000r\000f\000a\000c\000e\000\040\000u\000t\000i\000l\000i\000s\000a\000t\000e\000u\000r\000\040\000d\000e\000\040\000l\000'\000a\000s\000s\000i\000s\000t\000a\000n\000t}{chapter.9}% 119
\BOOKMARK [2][-]{subsection.9.7.1}{\376\377\000C\000y\000c\000l\000e\000\040\000d\000e\000\040\000r\000e\000q\000u\000\352\000t\000e\000\040\000c\000\364\000t\000\351\000\040\000f\000r\000o\000n\000t\000e\000n\000d}{section.9.7}% 120
\BOOKMARK [1][-]{section.9.8}{\376\377\000R\000e\000s\000p\000e\000c\000t\000\040\000d\000u\000\040\000p\000\351\000r\000i\000m\000\350\000t\000r\000e\000\040\000e\000t\000\040\000c\000o\000n\000f\000i\000d\000e\000n\000t\000i\000a\000l\000i\000t\000\351\000\040\000d\000e\000s\000\040\000d\000o\000n\000n\000\351\000e\000s}{chapter.9}% 121
\BOOKMARK [1][-]{section.9.9}{\376\377\000L\000i\000m\000i\000t\000e\000s\000\040\000a\000c\000t\000u\000e\000l\000l\000e\000s\000\040\000e\000t\000\040\000p\000e\000r\000s\000p\000e\000c\000t\000i\000v\000e\000s\000\040\000d\000'\000\351\000v\000o\000l\000u\000t\000i\000o\000n}{chapter.9}% 122
\BOOKMARK [0][-]{chapter.10}{\376\377\000T\000e\000s\000t\000s\000,\000\040\000v\000a\000l\000i\000d\000a\000t\000i\000o\000n\000\040\000e\000t\000\040\000d\000\351\000p\000l\000o\000i\000e\000m\000e\000n\000t}{}% 123
\BOOKMARK [1][-]{section.10.1}{\376\377\000S\000t\000r\000a\000t\000\351\000g\000i\000e\000\040\000g\000l\000o\000b\000a\000l\000e\000\040\000d\000e\000\040\000t\000e\000s\000t\000s}{chapter.10}% 124
\BOOKMARK [1][-]{section.10.2}{\376\377\000T\000e\000s\000t\000s\000\040\000u\000n\000i\000t\000a\000i\000r\000e\000s\000\040\000d\000u\000\040\000b\000a\000c\000k\000e\000n\000d}{chapter.10}% 125
\BOOKMARK [1][-]{section.10.3}{\376\377\000T\000e\000s\000t\000s\000\040\000d\000'\000i\000n\000t\000\351\000g\000r\000a\000t\000i\000o\000n\000\040\000R\000E\000S\000T}{chapter.10}% 126
\BOOKMARK [1][-]{section.10.4}{\376\377\000T\000e\000s\000t\000s\000\040\000e\000t\000\040\000v\000a\000l\000i\000d\000a\000t\000i\000o\000n\000\040\000c\000\364\000t\000\351\000\040\000f\000r\000o\000n\000t\000e\000n\000d}{chapter.10}% 127
\BOOKMARK [1][-]{section.10.5}{\376\377\000V\000a\000l\000i\000d\000a\000t\000i\000o\000n\000\040\000d\000e\000\040\000l\000'\000i\000n\000t\000\351\000g\000r\000a\000t\000i\000o\000n\000\040\000L\000L\000M}{chapter.10}% 128
\BOOKMARK [1][-]{section.10.6}{\376\377\000P\000a\000c\000k\000a\000g\000i\000n\000g\000\040\000e\000t\000\040\000c\000o\000n\000s\000t\000r\000u\000c\000t\000i\000o\000n}{chapter.10}% 129
\BOOKMARK [2][-]{subsection.10.6.1}{\376\377\000P\000a\000c\000k\000a\000g\000i\000n\000g\000\040\000m\000a\000n\000u\000e\000l}{section.10.6}% 130
\BOOKMARK [2][-]{subsection.10.6.2}{\376\377\000D\000\351\000p\000l\000o\000i\000e\000m\000e\000n\000t\000\040\000D\000o\000c\000k\000e\000r\000\040\000\050\000a\000p\000p\000r\000o\000c\000h\000e\000\040\000r\000e\000c\000o\000m\000m\000a\000n\000d\000\351\000e\000\051}{section.10.6}% 131
\BOOKMARK [2][-]{subsection.10.6.3}{\376\377\000C\000o\000n\000f\000i\000g\000u\000r\000a\000t\000i\000o\000n\000\040\000p\000o\000u\000r\000\040\000l\000a\000\040\000p\000r\000o\000d\000u\000c\000t\000i\000o\000n}{section.10.6}% 132
\BOOKMARK [1][-]{section.10.7}{\376\377\000D\000\351\000p\000l\000o\000i\000e\000m\000e\000n\000t\000\040\000d\000u\000\040\000b\000a\000c\000k\000e\000n\000d\000\040\000\050\000a\000p\000p\000r\000o\000c\000h\000e\000\040\000m\000a\000n\000u\000e\000l\000l\000e\000\051}{chapter.10}% 133
\BOOKMARK [1][-]{section.10.8}{\376\377\000D\000\351\000p\000l\000o\000i\000e\000m\000e\000n\000t\000\040\000d\000u\000\040\000f\000r\000o\000n\000t\000e\000n\000d\000\040\000\050\000a\000p\000p\000r\000o\000c\000h\000e\000\040\000m\000a\000n\000u\000e\000l\000l\000e\000\051}{chapter.10}% 134
\BOOKMARK [1][-]{section.10.9}{\376\377\000E\000n\000c\000h\000a\000\356\000n\000e\000m\000e\000n\000t\000\040\000c\000o\000m\000p\000l\000e\000t}{chapter.10}% 135
\BOOKMARK [2][-]{subsection.10.9.1}{\376\377\000A\000v\000e\000c\000\040\000D\000o\000c\000k\000e\000r\000\040\000\050\000r\000e\000c\000o\000m\000m\000a\000n\000d\000\351\000\051}{section.10.9}% 136
\BOOKMARK [2][-]{subsection.10.9.2}{\376\377\000A\000p\000p\000r\000o\000c\000h\000e\000\040\000m\000a\000n\000u\000e\000l\000l\000e\000\040\000\050\000d\000\351\000v\000e\000l\000o\000p\000p\000e\000m\000e\000n\000t\000\051}{section.10.9}% 137
\BOOKMARK [0][-]{chapter.11}{\376\377\000C\000a\000p\000t\000u\000r\000e\000s\000\040\000d\000'\000\351\000c\000r\000a\000n\000\040\000e\000t\000\040\000D\000\351\000m\000o\000n\000s\000t\000r\000a\000t\000i\000o\000n\000\040\000d\000e\000\040\000l\000'\000I\000n\000t\000e\000r\000f\000a\000c\000e}{}% 138
\BOOKMARK [1][-]{section.11.1}{\376\377\000P\000a\000g\000e\000\040\000d\000'\000A\000c\000c\000u\000e\000i\000l\000\040\000e\000t\000\040\000L\000a\000n\000d\000i\000n\000g\000\040\000P\000a\000g\000e}{chapter.11}% 139
\BOOKMARK [2][-]{subsection.11.1.1}{\376\377\000L\000a\000n\000d\000i\000n\000g\000\040\000P\000a\000g\000e}{section.11.1}% 140
\BOOKMARK [1][-]{section.11.2}{\376\377\000A\000u\000t\000h\000e\000n\000t\000i\000f\000i\000c\000a\000t\000i\000o\000n\000\040\000e\000t\000\040\000C\000o\000n\000n\000e\000x\000i\000o\000n}{chapter.11}% 141
\BOOKMARK [2][-]{subsection.11.2.1}{\376\377\000P\000a\000g\000e\000\040\000d\000e\000\040\000C\000o\000n\000n\000e\000x\000i\000o\000n}{section.11.2}% 142
\BOOKMARK [1][-]{section.11.3}{\376\377\000D\000a\000s\000h\000b\000o\000a\000r\000d\000\040\000P\000r\000i\000n\000c\000i\000p\000a\000l\000\040\000-\000\040\000V\000u\000e\000\040\000d\000'\000E\000n\000s\000e\000m\000b\000l\000e}{chapter.11}% 143
\BOOKMARK [2][-]{subsection.11.3.1}{\376\377\000D\000a\000s\000h\000b\000o\000a\000r\000d\000\040\000p\000o\000u\000r\000\040\000A\000d\000m\000i\000n\000i\000s\000t\000r\000a\000t\000e\000u\000r\000\040\000G\000l\000o\000b\000a\000l}{section.11.3}% 144
\BOOKMARK [2][-]{subsection.11.3.2}{\376\377\000D\000a\000s\000h\000b\000o\000a\000r\000d\000\040\000p\000o\000u\000r\000\040\000R\000e\000s\000p\000o\000n\000s\000a\000b\000l\000e\000\040\000d\000e\000\040\000M\000a\000g\000a\000s\000i\000n}{section.11.3}% 145
\BOOKMARK [2][-]{subsection.11.3.3}{\376\377\000D\000a\000s\000h\000b\000o\000a\000r\000d\000\040\000p\000o\000u\000r\000\040\000I\000n\000v\000e\000s\000t\000i\000s\000s\000e\000u\000r}{section.11.3}% 146
\BOOKMARK [1][-]{section.11.4}{\376\377\000M\000o\000d\000u\000l\000e\000\040\000d\000'\000A\000n\000a\000l\000y\000t\000i\000q\000u\000e\000\040\000A\000v\000a\000n\000c\000\351\000e}{chapter.11}% 147
\BOOKMARK [2][-]{subsection.11.4.1}{\376\377\000S\000t\000a\000t\000i\000s\000t\000i\000q\000u\000e\000s\000\040\000E\000n\000r\000i\000c\000h\000i\000e\000s}{section.11.4}% 148
\BOOKMARK [2][-]{subsection.11.4.2}{\376\377\000P\000a\000n\000e\000l\000\040\000d\000e\000\040\000F\000i\000l\000t\000r\000e\000s}{section.11.4}% 149
\BOOKMARK [1][-]{section.11.5}{\376\377\000M\000o\000d\000u\000l\000e\000\040\000d\000e\000\040\000G\000e\000s\000t\000i\000o\000n\000\040\000d\000e\000s\000\040\000P\000r\000o\000d\000u\000i\000t\000s}{chapter.11}% 150
\BOOKMARK [2][-]{subsection.11.5.1}{\376\377\000L\000i\000s\000t\000e\000\040\000d\000e\000s\000\040\000P\000r\000o\000d\000u\000i\000t\000s}{section.11.5}% 151
\BOOKMARK [1][-]{section.11.6}{\376\377\000M\000o\000d\000u\000l\000e\000\040\000d\000e\000\040\000G\000e\000s\000t\000i\000o\000n\000\040\000d\000e\000s\000\040\000C\000o\000m\000m\000a\000n\000d\000e\000s}{chapter.11}% 152
\BOOKMARK [2][-]{subsection.11.6.1}{\376\377\000L\000i\000s\000t\000e\000\040\000d\000e\000s\000\040\000C\000o\000m\000m\000a\000n\000d\000e\000s}{section.11.6}% 153
\BOOKMARK [2][-]{subsection.11.6.2}{\376\377\000C\000r\000\351\000a\000t\000i\000o\000n\000\040\000d\000'\000u\000n\000e\000\040\000N\000o\000u\000v\000e\000l\000l\000e\000\040\000C\000o\000m\000m\000a\000n\000d\000e}{section.11.6}% 154
\BOOKMARK [1][-]{section.11.7}{\376\377\000M\000o\000d\000u\000l\000e\000\040\000d\000e\000\040\000B\000i\000d\000d\000i\000n\000g\000\040\000-\000\040\000S\000y\000s\000t\000\350\000m\000e\000\040\000d\000'\000E\000n\000c\000h\000\350\000r\000e\000s}{chapter.11}% 155
\BOOKMARK [2][-]{subsection.11.7.1}{\376\377\000N\000a\000v\000i\000g\000a\000t\000i\000o\000n\000\040\000p\000a\000r\000\040\000C\000a\000t\000\351\000g\000o\000r\000i\000e\000s}{section.11.7}% 156
\BOOKMARK [2][-]{subsection.11.7.2}{\376\377\000V\000u\000e\000\040\000d\000e\000s\000\040\000S\000e\000c\000t\000i\000o\000n\000s\000\040\000D\000i\000s\000p\000o\000n\000i\000b\000l\000e\000s}{section.11.7}% 157
\BOOKMARK [2][-]{subsection.11.7.3}{\376\377\000P\000l\000a\000c\000e\000m\000e\000n\000t\000\040\000d\000'\000u\000n\000e\000\040\000E\000n\000c\000h\000\350\000r\000e}{section.11.7}% 158
\BOOKMARK [2][-]{subsection.11.7.4}{\376\377\000S\000u\000i\000v\000i\000\040\000d\000e\000s\000\040\000E\000n\000c\000h\000\350\000r\000e\000s}{section.11.7}% 159
\BOOKMARK [1][-]{section.11.8}{\376\377\000A\000s\000s\000i\000s\000t\000a\000n\000t\000\040\000A\000n\000a\000l\000y\000t\000i\000q\000u\000e\000\040\000L\000L\000M}{chapter.11}% 160
\BOOKMARK [2][-]{subsection.11.8.1}{\376\377\000I\000n\000t\000e\000r\000f\000a\000c\000e\000\040\000C\000h\000a\000t}{section.11.8}% 161
\BOOKMARK [2][-]{subsection.11.8.2}{\376\377\000E\000x\000e\000m\000p\000l\000e\000s\000\040\000d\000e\000\040\000Q\000u\000e\000s\000t\000i\000o\000n\000s}{section.11.8}% 162
\BOOKMARK [1][-]{section.11.9}{\376\377\000G\000e\000s\000t\000i\000o\000n\000\040\000d\000e\000s\000\040\000U\000t\000i\000l\000i\000s\000a\000t\000e\000u\000r\000s\000\040\000e\000t\000\040\000R\000\364\000l\000e\000s}{chapter.11}% 163
\BOOKMARK [2][-]{subsection.11.9.1}{\376\377\000L\000i\000s\000t\000e\000\040\000d\000e\000s\000\040\000U\000t\000i\000l\000i\000s\000a\000t\000e\000u\000r\000s\000\040\000\050\000A\000d\000m\000i\000n\000\051}{section.11.9}% 164
\BOOKMARK [2][-]{subsection.11.9.2}{\376\377\000P\000r\000o\000f\000i\000l\000\040\000U\000t\000i\000l\000i\000s\000a\000t\000e\000u\000r}{section.11.9}% 165
\BOOKMARK [1][-]{section.11.10}{\376\377\000E\000x\000p\000o\000r\000t\000s\000\040\000e\000t\000\040\000R\000a\000p\000p\000o\000r\000t\000s}{chapter.11}% 166
\BOOKMARK [2][-]{subsection.11.10.1}{\376\377\000G\000\351\000n\000\351\000r\000a\000t\000i\000o\000n\000\040\000d\000e\000\040\000R\000a\000p\000p\000o\000r\000t\000s\000\040\000P\000D\000F}{section.11.10}% 167
\BOOKMARK [2][-]{subsection.11.10.2}{\376\377\000E\000x\000p\000o\000r\000t\000\040\000C\000S\000V}{section.11.10}% 168
\BOOKMARK [1][-]{section.11.11}{\376\377\000M\000e\000s\000s\000a\000g\000e\000s\000\040\000d\000'\000E\000r\000r\000e\000u\000r\000\040\000e\000t\000\040\000N\000o\000t\000i\000f\000i\000c\000a\000t\000i\000o\000n\000s}{chapter.11}% 169
\BOOKMARK [2][-]{subsection.11.11.1}{\376\377\000G\000e\000s\000t\000i\000o\000n\000\040\000d\000e\000s\000\040\000E\000r\000r\000e\000u\000r\000s}{section.11.11}% 170
\BOOKMARK [2][-]{subsection.11.11.2}{\376\377\000S\000y\000s\000t\000\350\000m\000e\000\040\000d\000e\000\040\000N\000o\000t\000i\000f\000i\000c\000a\000t\000i\000o\000n\000s}{section.11.11}% 171
\BOOKMARK [1][-]{section.11.12}{\376\377\000C\000o\000n\000c\000l\000u\000s\000i\000o\000n\000\040\000d\000u\000\040\000C\000h\000a\000p\000i\000t\000r\000e}{chapter.11}% 172
\BOOKMARK [0][-]{chapter*.17}{\376\377\000C\000o\000n\000c\000l\000u\000s\000i\000o\000n\000\040\000e\000t\000\040\000p\000e\000r\000s\000p\000e\000c\000t\000i\000v\000e\000s}{}% 173
